# JRE version: Java(TM) SE Runtime Environment (8.0_112-b15) (build 1.8.0_112-b15)
# Java VM: Java HotSpot(TM) 64-Bit Server VM (25.112-b15 mixed mode windows-amd64 compressed oops)
Heap:
 PSYoungGen      total 57856K, used 22349K [0x00000007bc400000, 0x00000007c0000000, 0x00000007c0000000)
  eden space 54272K, 38% used [0x00000007bc400000,0x00000007bd89dc30,0x00000007bf900000)
  from space 3584K, 34% used [0x00000007bfc80000,0x00000007bfdb5a68,0x00000007c0000000)
  to   space 3584K, 0% used [0x00000007bf900000,0x00000007bf900000,0x00000007bfc80000)
 ParOldGen       total 337408K, used 228614K [0x0000000700000000, 0x0000000714980000, 0x00000007bc400000)
  object space 337408K, 67% used [0x0000000700000000,0x000000070df41a20,0x0000000714980000)
 Metaspace       used 96589K, capacity 97755K, committed 98304K, reserved 1132544K
  class space    used 14336K, capacity 14564K, committed 14592K, reserved 1048576K
GC Heap History (10 events):
Event: 17135.300 GC heap before
{Heap before GC invocations=5252 (full 1100):
 PSYoungGen      total 56320K, used 52480K [0x00000007bc400000, 0x00000007c0000000, 0x00000007c0000000)
  eden space 51200K, 100% used [0x00000007bc400000,0x00000007bf600000,0x00000007bf600000)
  from space 5120K, 25% used [0x00000007bf600000,0x00000007bf740000,0x00000007bfb00000)
  to   space 4608K, 0% used [0x00000007bfb80000,0x00000007bfb80000,0x00000007c0000000)
 ParOldGen       total 337408K, used 228614K [0x0000000700000000, 0x0000000714980000, 0x00000007bc400000)
  object space 337408K, 67% used [0x0000000700000000,0x000000070df41a20,0x0000000714980000)
 Metaspace       used 96588K, capacity 97755K, committed 98304K, reserved 1132544K
  class space    used 14336K, capacity 14564K, committed 14592K, reserved 1048576K
Event: 17135.304 GC heap after
Heap after GC invocations=5252 (full 1100):
 PSYoungGen      total 56832K, used 1280K [0x00000007bc400000, 0x00000007c0000000, 0x00000007c0000000)
  eden space 52224K, 0% used [0x00000007bc400000,0x00000007bc400000,0x00000007bf700000)
  from space 4608K, 27% used [0x00000007bfb80000,0x00000007bfcc0000,0x00000007c0000000)
  to   space 4608K, 0% used [0x00000007bf700000,0x00000007bf700000,0x00000007bfb80000)
 ParOldGen       total 337408K, used 228614K [0x0000000700000000, 0x0000000714980000, 0x00000007bc400000)
  object space 337408K, 67% used [0x0000000700000000,0x000000070df41a20,0x0000000714980000)
 Metaspace       used 96588K, capacity 97755K, committed 98304K, reserved 1132544K
  class space    used 14336K, capacity 14564K, committed 14592K, reserved 1048576K
}
Event: 17135.490 GC heap before
{Heap before GC invocations=5253 (full 1100):
 PSYoungGen      total 56832K, used 53504K [0x00000007bc400000, 0x00000007c0000000, 0x00000007c0000000)
  eden space 52224K, 100% used [0x00000007bc400000,0x00000007bf700000,0x00000007bf700000)
  from space 4608K, 27% used [0x00000007bfb80000,0x00000007bfcc0000,0x00000007c0000000)
  to   space 4608K, 0% used [0x00000007bf700000,0x00000007bf700000,0x00000007bfb80000)
 ParOldGen       total 337408K, used 228614K [0x0000000700000000, 0x0000000714980000, 0x00000007bc400000)
  object space 337408K, 67% used [0x0000000700000000,0x000000070df41a20,0x0000000714980000)
 Metaspace       used 96588K, capacity 97755K, committed 98304K, reserved 1132544K
  class space    used 14336K, capacity 14564K, committed 14592K, reserved 1048576K
Event: 17135.494 GC heap after
Heap after GC invocations=5253 (full 1100):
 PSYoungGen      total 56832K, used 1344K [0x00000007bc400000, 0x00000007c0000000, 0x00000007c0000000)
  eden space 52224K, 0% used [0x00000007bc400000,0x00000007bc400000,0x00000007bf700000)
  from space 4608K, 29% used [0x00000007bf700000,0x00000007bf850000,0x00000007bfb80000)
  to   space 4096K, 0% used [0x00000007bfc00000,0x00000007bfc00000,0x00000007c0000000)
 ParOldGen       total 337408K, used 228614K [0x0000000700000000, 0x0000000714980000, 0x00000007bc400000)
  object space 337408K, 67% used [0x0000000700000000,0x000000070df41a20,0x0000000714980000)
 Metaspace       used 96588K, capacity 97755K, committed 98304K, reserved 1132544K
  class space    used 14336K, capacity 14564K, committed 14592K, reserved 1048576K
}
Event: 17135.684 GC heap before
{Heap before GC invocations=5254 (full 1100):
 PSYoungGen      total 56832K, used 53568K [0x00000007bc400000, 0x00000007c0000000, 0x00000007c0000000)
  eden space 52224K, 100% used [0x00000007bc400000,0x00000007bf700000,0x00000007bf700000)
  from space 4608K, 29% used [0x00000007bf700000,0x00000007bf850000,0x00000007bfb80000)
  to   space 4096K, 0% used [0x00000007bfc00000,0x00000007bfc00000,0x00000007c0000000)
 ParOldGen       total 337408K, used 228614K [0x0000000700000000, 0x0000000714980000, 0x00000007bc400000)
  object space 337408K, 67% used [0x0000000700000000,0x000000070df41a20,0x0000000714980000)
 Metaspace       used 96588K, capacity 97755K, committed 98304K, reserved 1132544K
  class space    used 14336K, capacity 14564K, committed 14592K, reserved 1048576K
Event: 17135.688 GC heap after
Heap after GC invocations=5254 (full 1100):
 PSYoungGen      total 57344K, used 1536K [0x00000007bc400000, 0x00000007c0000000, 0x00000007c0000000)
  eden space 53248K, 0% used [0x00000007bc400000,0x00000007bc400000,0x00000007bf800000)
  from space 4096K, 37% used [0x00000007bfc00000,0x00000007bfd80000,0x00000007c0000000)
  to   space 4096K, 0% used [0x00000007bf800000,0x00000007bf800000,0x00000007bfc00000)
 ParOldGen       total 337408K, used 228614K [0x0000000700000000, 0x0000000714980000, 0x00000007bc400000)
  object space 337408K, 67% used [0x0000000700000000,0x000000070df41a20,0x0000000714980000)
 Metaspace       used 96588K, capacity 97755K, committed 98304K, reserved 1132544K
  class space    used 14336K, capacity 14564K, committed 14592K, reserved 1048576K
}
Event: 17135.878 GC heap before
{Heap before GC invocations=5255 (full 1100):
 PSYoungGen      total 57344K, used 54784K [0x00000007bc400000, 0x00000007c0000000, 0x00000007c0000000)
  eden space 53248K, 100% used [0x00000007bc400000,0x00000007bf800000,0x00000007bf800000)
  from space 4096K, 37% used [0x00000007bfc00000,0x00000007bfd80000,0x00000007c0000000)
  to   space 4096K, 0% used [0x00000007bf800000,0x00000007bf800000,0x00000007bfc00000)
 ParOldGen       total 337408K, used 228614K [0x0000000700000000, 0x0000000714980000, 0x00000007bc400000)
  object space 337408K, 67% used [0x0000000700000000,0x000000070df41a20,0x0000000714980000)
 Metaspace       used 96588K, capacity 97755K, committed 98304K, reserved 1132544K
  class space    used 14336K, capacity 14564K, committed 14592K, reserved 1048576K
Event: 17135.882 GC heap after
Heap after GC invocations=5255 (full 1100):
 PSYoungGen      total 57344K, used 1376K [0x00000007bc400000, 0x00000007c0000000, 0x00000007c0000000)
  eden space 53248K, 0% used [0x00000007bc400000,0x00000007bc400000,0x00000007bf800000)
  from space 4096K, 33% used [0x00000007bf800000,0x00000007bf958000,0x00000007bfc00000)
  to   space 3584K, 0% used [0x00000007bfc80000,0x00000007bfc80000,0x00000007c0000000)
 ParOldGen       total 337408K, used 228614K [0x0000000700000000, 0x0000000714980000, 0x00000007bc400000)
  object space 337408K, 67% used [0x0000000700000000,0x000000070df41a20,0x0000000714980000)
 Metaspace       used 96588K, capacity 97755K, committed 98304K, reserved 1132544K
  class space    used 14336K, capacity 14564K, committed 14592K, reserved 1048576K
}
Event: 17140.864 GC heap before
{Heap before GC invocations=5256 (full 1100):
 PSYoungGen      total 57344K, used 54624K [0x00000007bc400000, 0x00000007c0000000, 0x00000007c0000000)
  eden space 53248K, 100% used [0x00000007bc400000,0x00000007bf800000,0x00000007bf800000)
  from space 4096K, 33% used [0x00000007bf800000,0x00000007bf958000,0x00000007bfc00000)
  to   space 3584K, 0% used [0x00000007bfc80000,0x00000007bfc80000,0x00000007c0000000)
 ParOldGen       total 337408K, used 228614K [0x0000000700000000, 0x0000000714980000, 0x00000007bc400000)
  object space 337408K, 67% used [0x0000000700000000,0x000000070df41a20,0x0000000714980000)
 Metaspace       used 96588K, capacity 97755K, committed 98304K, reserved 1132544K
  class space    used 14336K, capacity 14564K, committed 14592K, reserved 1048576K
Event: 17140.868 GC heap after
Heap after GC invocations=5256 (full 1100):
 PSYoungGen      total 57856K, used 1238K [0x00000007bc400000, 0x00000007c0000000, 0x00000007c0000000)
  eden space 54272K, 0% used [0x00000007bc400000,0x00000007bc400000,0x00000007bf900000)
  from space 3584K, 34% used [0x00000007bfc80000,0x00000007bfdb5a68,0x00000007c0000000)
  to   space 3584K, 0% used [0x00000007bf900000,0x00000007bf900000,0x00000007bfc80000)
 ParOldGen       total 337408K, used 228614K [0x0000000700000000, 0x0000000714980000, 0x00000007bc400000)
  object space 337408K, 67% used [0x0000000700000000,0x000000070df41a20,0x0000000714980000)
 Metaspace       used 96588K, capacity 97755K, committed 98304K, reserved 1132544K
  class space    used 14336K, capacity 14564K, committed 14592K, reserved 1048576K
}

