# JRE version: Java(TM) SE Runtime Environment (8.0_112-b15) (build 1.8.0_112-b15)
# Java VM: Java HotSpot(TM) 64-Bit Server VM (25.112-b15 mixed mode windows-amd64 compressed oops)
Heap:
 PSYoungGen      total 56320K, used 39902K [0x00000007bc400000, 0x00000007c0000000, 0x00000007c0000000)
  eden space 52224K, 76% used [0x00000007bc400000,0x00000007beaf7920,0x00000007bf700000)
  from space 4096K, 0% used [0x00000007bfc00000,0x00000007bfc00000,0x00000007c0000000)
  to   space 4608K, 0% used [0x00000007bf700000,0x00000007bf700000,0x00000007bfb80000)
 ParOldGen       total 156160K, used 52449K [0x0000000700000000, 0x0000000709880000, 0x00000007bc400000)
  object space 156160K, 33% used [0x0000000700000000,0x0000000703338788,0x0000000709880000)
 Metaspace       used 72535K, capacity 73269K, committed 73984K, reserved 1114112K
  class space    used 9533K, capacity 9679K, committed 9728K, reserved 1048576K
GC Heap History (10 events):
Event: 3533.630 GC heap before
{Heap before GC invocations=1396 (full 572):
 PSYoungGen      total 57344K, used 7830K [0x00000007bc400000, 0x00000007c0000000, 0x00000007c0000000)
  eden space 53248K, 14% used [0x00000007bc400000,0x00000007bcb5dac0,0x00000007bf800000)
  from space 4096K, 7% used [0x00000007bf800000,0x00000007bf848000,0x00000007bfc00000)
  to   space 3584K, 0% used [0x00000007bfc80000,0x00000007bfc80000,0x00000007c0000000)
 ParOldGen       total 156160K, used 52868K [0x0000000700000000, 0x0000000709880000, 0x00000007bc400000)
  object space 156160K, 33% used [0x0000000700000000,0x00000007033a1300,0x0000000709880000)
 Metaspace       used 72372K, capacity 73027K, committed 73728K, reserved 1114112K
  class space    used 9491K, capacity 9644K, committed 9728K, reserved 1048576K
Event: 3533.637 GC heap after
Heap after GC invocations=1396 (full 572):
 PSYoungGen      total 56832K, used 2104K [0x00000007bc400000, 0x00000007c0000000, 0x00000007c0000000)
  eden space 53248K, 0% used [0x00000007bc400000,0x00000007bc400000,0x00000007bf800000)
  from space 3584K, 58% used [0x00000007bfc80000,0x00000007bfe8e0c0,0x00000007c0000000)
  to   space 4096K, 0% used [0x00000007bf800000,0x00000007bf800000,0x00000007bfc00000)
 ParOldGen       total 156160K, used 56501K [0x0000000700000000, 0x0000000709880000, 0x00000007bc400000)
  object space 156160K, 36% used [0x0000000700000000,0x000000070372d480,0x0000000709880000)
 Metaspace       used 72372K, capacity 73027K, committed 73728K, reserved 1114112K
  class space    used 9491K, capacity 9644K, committed 9728K, reserved 1048576K
}
Event: 3534.357 GC heap before
{Heap before GC invocations=1397 (full 572):
 PSYoungGen      total 56832K, used 6532K [0x00000007bc400000, 0x00000007c0000000, 0x00000007c0000000)
  eden space 53248K, 8% used [0x00000007bc400000,0x00000007bc853218,0x00000007bf800000)
  from space 3584K, 58% used [0x00000007bfc80000,0x00000007bfe8e0c0,0x00000007c0000000)
  to   space 4096K, 0% used [0x00000007bf800000,0x00000007bf800000,0x00000007bfc00000)
 ParOldGen       total 156160K, used 56501K [0x0000000700000000, 0x0000000709880000, 0x00000007bc400000)
  object space 156160K, 36% used [0x0000000700000000,0x000000070372d480,0x0000000709880000)
 Metaspace       used 72372K, capacity 73027K, committed 73728K, reserved 1114112K
  class space    used 9491K, capacity 9644K, committed 9728K, reserved 1048576K
Event: 3534.361 GC heap after
Heap after GC invocations=1397 (full 572):
 PSYoungGen      total 57344K, used 3920K [0x00000007bc400000, 0x00000007c0000000, 0x00000007c0000000)
  eden space 53248K, 0% used [0x00000007bc400000,0x00000007bc400000,0x00000007bf800000)
  from space 4096K, 95% used [0x00000007bf800000,0x00000007bfbd4180,0x00000007bfc00000)
  to   space 4096K, 0% used [0x00000007bfc00000,0x00000007bfc00000,0x00000007c0000000)
 ParOldGen       total 156160K, used 58317K [0x0000000700000000, 0x0000000709880000, 0x00000007bc400000)
  object space 156160K, 37% used [0x0000000700000000,0x00000007038f3540,0x0000000709880000)
 Metaspace       used 72372K, capacity 73027K, committed 73728K, reserved 1114112K
  class space    used 9491K, capacity 9644K, committed 9728K, reserved 1048576K
}
Event: 3534.361 GC heap before
{Heap before GC invocations=1398 (full 573):
 PSYoungGen      total 57344K, used 3920K [0x00000007bc400000, 0x00000007c0000000, 0x00000007c0000000)
  eden space 53248K, 0% used [0x00000007bc400000,0x00000007bc400000,0x00000007bf800000)
  from space 4096K, 95% used [0x00000007bf800000,0x00000007bfbd4180,0x00000007bfc00000)
  to   space 4096K, 0% used [0x00000007bfc00000,0x00000007bfc00000,0x00000007c0000000)
 ParOldGen       total 156160K, used 58317K [0x0000000700000000, 0x0000000709880000, 0x00000007bc400000)
  object space 156160K, 37% used [0x0000000700000000,0x00000007038f3540,0x0000000709880000)
 Metaspace       used 72372K, capacity 73027K, committed 73728K, reserved 1114112K
  class space    used 9491K, capacity 9644K, committed 9728K, reserved 1048576K
Event: 3534.445 GC heap after
Heap after GC invocations=1398 (full 573):
 PSYoungGen      total 57344K, used 0K [0x00000007bc400000, 0x00000007c0000000, 0x00000007c0000000)
  eden space 53248K, 0% used [0x00000007bc400000,0x00000007bc400000,0x00000007bf800000)
  from space 4096K, 0% used [0x00000007bf800000,0x00000007bf800000,0x00000007bfc00000)
  to   space 4096K, 0% used [0x00000007bfc00000,0x00000007bfc00000,0x00000007c0000000)
 ParOldGen       total 156160K, used 52738K [0x0000000700000000, 0x0000000709880000, 0x00000007bc400000)
  object space 156160K, 33% used [0x0000000700000000,0x0000000703380a68,0x0000000709880000)
 Metaspace       used 72372K, capacity 73027K, committed 73728K, reserved 1114112K
  class space    used 9491K, capacity 9644K, committed 9728K, reserved 1048576K
}
Event: 3551.636 GC heap before
{Heap before GC invocations=1399 (full 573):
 PSYoungGen      total 57344K, used 33755K [0x00000007bc400000, 0x00000007c0000000, 0x00000007c0000000)
  eden space 53248K, 63% used [0x00000007bc400000,0x00000007be4f6e70,0x00000007bf800000)
  from space 4096K, 0% used [0x00000007bf800000,0x00000007bf800000,0x00000007bfc00000)
  to   space 4096K, 0% used [0x00000007bfc00000,0x00000007bfc00000,0x00000007c0000000)
 ParOldGen       total 156160K, used 52738K [0x0000000700000000, 0x0000000709880000, 0x00000007bc400000)
  object space 156160K, 33% used [0x0000000700000000,0x0000000703380a68,0x0000000709880000)
 Metaspace       used 72374K, capacity 73027K, committed 73728K, reserved 1114112K
  class space    used 9491K, capacity 9644K, committed 9728K, reserved 1048576K
Event: 3551.640 GC heap after
Heap after GC invocations=1399 (full 573):
 PSYoungGen      total 56320K, used 2668K [0x00000007bc400000, 0x00000007c0000000, 0x00000007c0000000)
  eden space 52224K, 0% used [0x00000007bc400000,0x00000007bc400000,0x00000007bf700000)
  from space 4096K, 65% used [0x00000007bfc00000,0x00000007bfe9b118,0x00000007c0000000)
  to   space 4608K, 0% used [0x00000007bf700000,0x00000007bf700000,0x00000007bfb80000)
 ParOldGen       total 156160K, used 52738K [0x0000000700000000, 0x0000000709880000, 0x00000007bc400000)
  object space 156160K, 33% used [0x0000000700000000,0x0000000703380a68,0x0000000709880000)
 Metaspace       used 72374K, capacity 73027K, committed 73728K, reserved 1114112K
  class space    used 9491K, capacity 9644K, committed 9728K, reserved 1048576K
}
Event: 3551.640 GC heap before
{Heap before GC invocations=1400 (full 574):
 PSYoungGen      total 56320K, used 2668K [0x00000007bc400000, 0x00000007c0000000, 0x00000007c0000000)
  eden space 52224K, 0% used [0x00000007bc400000,0x00000007bc400000,0x00000007bf700000)
  from space 4096K, 65% used [0x00000007bfc00000,0x00000007bfe9b118,0x00000007c0000000)
  to   space 4608K, 0% used [0x00000007bf700000,0x00000007bf700000,0x00000007bfb80000)
 ParOldGen       total 156160K, used 52738K [0x0000000700000000, 0x0000000709880000, 0x00000007bc400000)
  object space 156160K, 33% used [0x0000000700000000,0x0000000703380a68,0x0000000709880000)
 Metaspace       used 72374K, capacity 73027K, committed 73728K, reserved 1114112K
  class space    used 9491K, capacity 9644K, committed 9728K, reserved 1048576K
Event: 3551.721 GC heap after
Heap after GC invocations=1400 (full 574):
 PSYoungGen      total 56320K, used 0K [0x00000007bc400000, 0x00000007c0000000, 0x00000007c0000000)
  eden space 52224K, 0% used [0x00000007bc400000,0x00000007bc400000,0x00000007bf700000)
  from space 4096K, 0% used [0x00000007bfc00000,0x00000007bfc00000,0x00000007c0000000)
  to   space 4608K, 0% used [0x00000007bf700000,0x00000007bf700000,0x00000007bfb80000)
 ParOldGen       total 156160K, used 52449K [0x0000000700000000, 0x0000000709880000, 0x00000007bc400000)
  object space 156160K, 33% used [0x0000000700000000,0x0000000703338788,0x0000000709880000)
 Metaspace       used 72374K, capacity 73027K, committed 73728K, reserved 1114112K
  class space    used 9491K, capacity 9644K, committed 9728K, reserved 1048576K
}

