# JRE version: Java(TM) SE Runtime Environment (8.0_112-b15) (build 1.8.0_112-b15)
# Java VM: Java HotSpot(TM) 64-Bit Server VM (25.112-b15 mixed mode windows-amd64 compressed oops)
Heap:
 PSYoungGen      total 59904K, used 54796K [0x00000007bc400000, 0x00000007c0000000, 0x00000007c0000000)
  eden space 58368K, 92% used [0x00000007bc400000,0x00000007bf8d30a8,0x00000007bfd00000)
  from space 1536K, 45% used [0x00000007bfd00000,0x00000007bfdb0000,0x00000007bfe80000)
  to   space 1536K, 0% used [0x00000007bfe80000,0x00000007bfe80000,0x00000007c0000000)
 ParOldGen       total 150016K, used 90223K [0x0000000700000000, 0x0000000709280000, 0x00000007bc400000)
  object space 150016K, 60% used [0x0000000700000000,0x000000070581bce8,0x0000000709280000)
 Metaspace       used 78990K, capacity 79739K, committed 80384K, reserved 1118208K
  class space    used 10870K, capacity 11006K, committed 11008K, reserved 1048576K
GC Heap History (10 events):
Event: 1854.873 GC heap before
{Heap before GC invocations=403 (full 104):
 PSYoungGen      total 59392K, used 57984K [0x00000007bc400000, 0x00000007c0000000, 0x00000007c0000000)
  eden space 57344K, 100% used [0x00000007bc400000,0x00000007bfc00000,0x00000007bfc00000)
  from space 2048K, 31% used [0x00000007bfe00000,0x00000007bfea0000,0x00000007c0000000)
  to   space 2048K, 0% used [0x00000007bfc00000,0x00000007bfc00000,0x00000007bfe00000)
 ParOldGen       total 150016K, used 90223K [0x0000000700000000, 0x0000000709280000, 0x00000007bc400000)
  object space 150016K, 60% used [0x0000000700000000,0x000000070581bce8,0x0000000709280000)
 Metaspace       used 78951K, capacity 79675K, committed 80384K, reserved 1118208K
  class space    used 10870K, capacity 11006K, committed 11008K, reserved 1048576K
Event: 1854.876 GC heap after
Heap after GC invocations=403 (full 104):
 PSYoungGen      total 59392K, used 544K [0x00000007bc400000, 0x00000007c0000000, 0x00000007c0000000)
  eden space 57344K, 0% used [0x00000007bc400000,0x00000007bc400000,0x00000007bfc00000)
  from space 2048K, 26% used [0x00000007bfc00000,0x00000007bfc88000,0x00000007bfe00000)
  to   space 2048K, 0% used [0x00000007bfe00000,0x00000007bfe00000,0x00000007c0000000)
 ParOldGen       total 150016K, used 90223K [0x0000000700000000, 0x0000000709280000, 0x00000007bc400000)
  object space 150016K, 60% used [0x0000000700000000,0x000000070581bce8,0x0000000709280000)
 Metaspace       used 78951K, capacity 79675K, committed 80384K, reserved 1118208K
  class space    used 10870K, capacity 11006K, committed 11008K, reserved 1048576K
}
Event: 1856.008 GC heap before
{Heap before GC invocations=404 (full 104):
 PSYoungGen      total 59392K, used 57888K [0x00000007bc400000, 0x00000007c0000000, 0x00000007c0000000)
  eden space 57344K, 100% used [0x00000007bc400000,0x00000007bfc00000,0x00000007bfc00000)
  from space 2048K, 26% used [0x00000007bfc00000,0x00000007bfc88000,0x00000007bfe00000)
  to   space 2048K, 0% used [0x00000007bfe00000,0x00000007bfe00000,0x00000007c0000000)
 ParOldGen       total 150016K, used 90223K [0x0000000700000000, 0x0000000709280000, 0x00000007bc400000)
  object space 150016K, 60% used [0x0000000700000000,0x000000070581bce8,0x0000000709280000)
 Metaspace       used 78960K, capacity 79739K, committed 80384K, reserved 1118208K
  class space    used 10870K, capacity 11006K, committed 11008K, reserved 1048576K
Event: 1856.012 GC heap after
Heap after GC invocations=404 (full 104):
 PSYoungGen      total 59904K, used 512K [0x00000007bc400000, 0x00000007c0000000, 0x00000007c0000000)
  eden space 57856K, 0% used [0x00000007bc400000,0x00000007bc400000,0x00000007bfc80000)
  from space 2048K, 25% used [0x00000007bfe00000,0x00000007bfe80000,0x00000007c0000000)
  to   space 1536K, 0% used [0x00000007bfc80000,0x00000007bfc80000,0x00000007bfe00000)
 ParOldGen       total 150016K, used 90223K [0x0000000700000000, 0x0000000709280000, 0x00000007bc400000)
  object space 150016K, 60% used [0x0000000700000000,0x000000070581bce8,0x0000000709280000)
 Metaspace       used 78960K, capacity 79739K, committed 80384K, reserved 1118208K
  class space    used 10870K, capacity 11006K, committed 11008K, reserved 1048576K
}
Event: 1905.646 GC heap before
{Heap before GC invocations=405 (full 104):
 PSYoungGen      total 59904K, used 58368K [0x00000007bc400000, 0x00000007c0000000, 0x00000007c0000000)
  eden space 57856K, 100% used [0x00000007bc400000,0x00000007bfc80000,0x00000007bfc80000)
  from space 2048K, 25% used [0x00000007bfe00000,0x00000007bfe80000,0x00000007c0000000)
  to   space 1536K, 0% used [0x00000007bfc80000,0x00000007bfc80000,0x00000007bfe00000)
 ParOldGen       total 150016K, used 90223K [0x0000000700000000, 0x0000000709280000, 0x00000007bc400000)
  object space 150016K, 60% used [0x0000000700000000,0x000000070581bce8,0x0000000709280000)
 Metaspace       used 78960K, capacity 79739K, committed 80384K, reserved 1118208K
  class space    used 10870K, capacity 11006K, committed 11008K, reserved 1048576K
Event: 1905.650 GC heap after
Heap after GC invocations=405 (full 104):
 PSYoungGen      total 59392K, used 544K [0x00000007bc400000, 0x00000007c0000000, 0x00000007c0000000)
  eden space 57856K, 0% used [0x00000007bc400000,0x00000007bc400000,0x00000007bfc80000)
  from space 1536K, 35% used [0x00000007bfc80000,0x00000007bfd08000,0x00000007bfe00000)
  to   space 1536K, 0% used [0x00000007bfe80000,0x00000007bfe80000,0x00000007c0000000)
 ParOldGen       total 150016K, used 90223K [0x0000000700000000, 0x0000000709280000, 0x00000007bc400000)
  object space 150016K, 60% used [0x0000000700000000,0x000000070581bce8,0x0000000709280000)
 Metaspace       used 78960K, capacity 79739K, committed 80384K, reserved 1118208K
  class space    used 10870K, capacity 11006K, committed 11008K, reserved 1048576K
}
Event: 1927.334 GC heap before
{Heap before GC invocations=406 (full 104):
 PSYoungGen      total 59392K, used 58400K [0x00000007bc400000, 0x00000007c0000000, 0x00000007c0000000)
  eden space 57856K, 100% used [0x00000007bc400000,0x00000007bfc80000,0x00000007bfc80000)
  from space 1536K, 35% used [0x00000007bfc80000,0x00000007bfd08000,0x00000007bfe00000)
  to   space 1536K, 0% used [0x00000007bfe80000,0x00000007bfe80000,0x00000007c0000000)
 ParOldGen       total 150016K, used 90223K [0x0000000700000000, 0x0000000709280000, 0x00000007bc400000)
  object space 150016K, 60% used [0x0000000700000000,0x000000070581bce8,0x0000000709280000)
 Metaspace       used 78977K, capacity 79739K, committed 80384K, reserved 1118208K
  class space    used 10870K, capacity 11006K, committed 11008K, reserved 1048576K
Event: 1927.338 GC heap after
Heap after GC invocations=406 (full 104):
 PSYoungGen      total 59904K, used 608K [0x00000007bc400000, 0x00000007c0000000, 0x00000007c0000000)
  eden space 58368K, 0% used [0x00000007bc400000,0x00000007bc400000,0x00000007bfd00000)
  from space 1536K, 39% used [0x00000007bfe80000,0x00000007bff18000,0x00000007c0000000)
  to   space 1536K, 0% used [0x00000007bfd00000,0x00000007bfd00000,0x00000007bfe80000)
 ParOldGen       total 150016K, used 90223K [0x0000000700000000, 0x0000000709280000, 0x00000007bc400000)
  object space 150016K, 60% used [0x0000000700000000,0x000000070581bce8,0x0000000709280000)
 Metaspace       used 78977K, capacity 79739K, committed 80384K, reserved 1118208K
  class space    used 10870K, capacity 11006K, committed 11008K, reserved 1048576K
}
Event: 1929.188 GC heap before
{Heap before GC invocations=407 (full 104):
 PSYoungGen      total 59904K, used 58976K [0x00000007bc400000, 0x00000007c0000000, 0x00000007c0000000)
  eden space 58368K, 100% used [0x00000007bc400000,0x00000007bfd00000,0x00000007bfd00000)
  from space 1536K, 39% used [0x00000007bfe80000,0x00000007bff18000,0x00000007c0000000)
  to   space 1536K, 0% used [0x00000007bfd00000,0x00000007bfd00000,0x00000007bfe80000)
 ParOldGen       total 150016K, used 90223K [0x0000000700000000, 0x0000000709280000, 0x00000007bc400000)
  object space 150016K, 60% used [0x0000000700000000,0x000000070581bce8,0x0000000709280000)
 Metaspace       used 78980K, capacity 79739K, committed 80384K, reserved 1118208K
  class space    used 10870K, capacity 11006K, committed 11008K, reserved 1048576K
Event: 1929.191 GC heap after
Heap after GC invocations=407 (full 104):
 PSYoungGen      total 59904K, used 704K [0x00000007bc400000, 0x00000007c0000000, 0x00000007c0000000)
  eden space 58368K, 0% used [0x00000007bc400000,0x00000007bc400000,0x00000007bfd00000)
  from space 1536K, 45% used [0x00000007bfd00000,0x00000007bfdb0000,0x00000007bfe80000)
  to   space 1536K, 0% used [0x00000007bfe80000,0x00000007bfe80000,0x00000007c0000000)
 ParOldGen       total 150016K, used 90223K [0x0000000700000000, 0x0000000709280000, 0x00000007bc400000)
  object space 150016K, 60% used [0x0000000700000000,0x000000070581bce8,0x0000000709280000)
 Metaspace       used 78980K, capacity 79739K, committed 80384K, reserved 1118208K
  class space    used 10870K, capacity 11006K, committed 11008K, reserved 1048576K
}

