# JRE version: Java(TM) SE Runtime Environment (8.0_112-b15) (build 1.8.0_112-b15)
# Java VM: Java HotSpot(TM) 64-Bit Server VM (25.112-b15 mixed mode windows-amd64 compressed oops)
Heap:
 PSYoungGen      total 51712K, used 31395K [0x00000007bc400000, 0x00000007c0000000, 0x00000007c0000000)
  eden space 41984K, 68% used [0x00000007bc400000,0x00000007bdff4c90,0x00000007bed00000)
  from space 9728K, 28% used [0x00000007bf680000,0x00000007bf933fa0,0x00000007c0000000)
  to   space 9728K, 0% used [0x00000007bed00000,0x00000007bed00000,0x00000007bf680000)
 ParOldGen       total 334848K, used 142913K [0x0000000700000000, 0x0000000714700000, 0x00000007bc400000)
  object space 334848K, 42% used [0x0000000700000000,0x0000000708b905a8,0x0000000714700000)
 Metaspace       used 88977K, capacity 89923K, committed 90496K, reserved 1128448K
  class space    used 12234K, capacity 12414K, committed 12416K, reserved 1048576K
GC Heap History (10 events):
Event: 64039.114 GC heap before
{Heap before GC invocations=4869 (full 927):
 PSYoungGen      total 49664K, used 41044K [0x00000007bc400000, 0x00000007c0000000, 0x00000007c0000000)
  eden space 38400K, 100% used [0x00000007bc400000,0x00000007be980000,0x00000007be980000)
  from space 11264K, 23% used [0x00000007be980000,0x00000007bec15320,0x00000007bf480000)
  to   space 10752K, 0% used [0x00000007bf580000,0x00000007bf580000,0x00000007c0000000)
 ParOldGen       total 334848K, used 142910K [0x0000000700000000, 0x0000000714700000, 0x00000007bc400000)
  object space 334848K, 42% used [0x0000000700000000,0x0000000708b8fba8,0x0000000714700000)
 Metaspace       used 88975K, capacity 89923K, committed 90496K, reserved 1128448K
  class space    used 12234K, capacity 12414K, committed 12416K, reserved 1048576K
Event: 64039.118 GC heap after
Heap after GC invocations=4869 (full 927):
 PSYoungGen      total 50688K, used 2644K [0x00000007bc400000, 0x00000007c0000000, 0x00000007c0000000)
  eden space 39936K, 0% used [0x00000007bc400000,0x00000007bc400000,0x00000007beb00000)
  from space 10752K, 24% used [0x00000007bf580000,0x00000007bf815320,0x00000007c0000000)
  to   space 10752K, 0% used [0x00000007beb00000,0x00000007beb00000,0x00000007bf580000)
 ParOldGen       total 334848K, used 142910K [0x0000000700000000, 0x0000000714700000, 0x00000007bc400000)
  object space 334848K, 42% used [0x0000000700000000,0x0000000708b8fba8,0x0000000714700000)
 Metaspace       used 88975K, capacity 89923K, committed 90496K, reserved 1128448K
  class space    used 12234K, capacity 12414K, committed 12416K, reserved 1048576K
}
Event: 64041.026 GC heap before
{Heap before GC invocations=4870 (full 927):
 PSYoungGen      total 50688K, used 42580K [0x00000007bc400000, 0x00000007c0000000, 0x00000007c0000000)
  eden space 39936K, 100% used [0x00000007bc400000,0x00000007beb00000,0x00000007beb00000)
  from space 10752K, 24% used [0x00000007bf580000,0x00000007bf815320,0x00000007c0000000)
  to   space 10752K, 0% used [0x00000007beb00000,0x00000007beb00000,0x00000007bf580000)
 ParOldGen       total 334848K, used 142912K [0x0000000700000000, 0x0000000714700000, 0x00000007bc400000)
  object space 334848K, 42% used [0x0000000700000000,0x0000000708b90180,0x0000000714700000)
 Metaspace       used 88975K, capacity 89923K, committed 90496K, reserved 1128448K
  class space    used 12234K, capacity 12414K, committed 12416K, reserved 1048576K
Event: 64041.030 GC heap after
Heap after GC invocations=4870 (full 927):
 PSYoungGen      total 50688K, used 2388K [0x00000007bc400000, 0x00000007c0000000, 0x00000007c0000000)
  eden space 39936K, 0% used [0x00000007bc400000,0x00000007bc400000,0x00000007beb00000)
  from space 10752K, 22% used [0x00000007beb00000,0x00000007bed55320,0x00000007bf580000)
  to   space 10240K, 0% used [0x00000007bf600000,0x00000007bf600000,0x00000007c0000000)
 ParOldGen       total 334848K, used 142912K [0x0000000700000000, 0x0000000714700000, 0x00000007bc400000)
  object space 334848K, 42% used [0x0000000700000000,0x0000000708b90180,0x0000000714700000)
 Metaspace       used 88975K, capacity 89923K, committed 90496K, reserved 1128448K
  class space    used 12234K, capacity 12414K, committed 12416K, reserved 1048576K
}
Event: 64041.654 GC heap before
{Heap before GC invocations=4871 (full 927):
 PSYoungGen      total 50688K, used 42324K [0x00000007bc400000, 0x00000007c0000000, 0x00000007c0000000)
  eden space 39936K, 100% used [0x00000007bc400000,0x00000007beb00000,0x00000007beb00000)
  from space 10752K, 22% used [0x00000007beb00000,0x00000007bed55320,0x00000007bf580000)
  to   space 10240K, 0% used [0x00000007bf600000,0x00000007bf600000,0x00000007c0000000)
 ParOldGen       total 334848K, used 142913K [0x0000000700000000, 0x0000000714700000, 0x00000007bc400000)
  object space 334848K, 42% used [0x0000000700000000,0x0000000708b905a8,0x0000000714700000)
 Metaspace       used 88975K, capacity 89923K, committed 90496K, reserved 1128448K
  class space    used 12234K, capacity 12414K, committed 12416K, reserved 1048576K
Event: 64041.662 GC heap after
Heap after GC invocations=4871 (full 927):
 PSYoungGen      total 50176K, used 6511K [0x00000007bc400000, 0x00000007c0000000, 0x00000007c0000000)
  eden space 39936K, 0% used [0x00000007bc400000,0x00000007bc400000,0x00000007beb00000)
  from space 10240K, 63% used [0x00000007bf600000,0x00000007bfc5bfa0,0x00000007c0000000)
  to   space 10752K, 0% used [0x00000007beb00000,0x00000007beb00000,0x00000007bf580000)
 ParOldGen       total 334848K, used 142913K [0x0000000700000000, 0x0000000714700000, 0x00000007bc400000)
  object space 334848K, 42% used [0x0000000700000000,0x0000000708b905a8,0x0000000714700000)
 Metaspace       used 88975K, capacity 89923K, committed 90496K, reserved 1128448K
  class space    used 12234K, capacity 12414K, committed 12416K, reserved 1048576K
}
Event: 64043.498 GC heap before
{Heap before GC invocations=4872 (full 927):
 PSYoungGen      total 50176K, used 46447K [0x00000007bc400000, 0x00000007c0000000, 0x00000007c0000000)
  eden space 39936K, 100% used [0x00000007bc400000,0x00000007beb00000,0x00000007beb00000)
  from space 10240K, 63% used [0x00000007bf600000,0x00000007bfc5bfa0,0x00000007c0000000)
  to   space 10752K, 0% used [0x00000007beb00000,0x00000007beb00000,0x00000007bf580000)
 ParOldGen       total 334848K, used 142913K [0x0000000700000000, 0x0000000714700000, 0x00000007bc400000)
  object space 334848K, 42% used [0x0000000700000000,0x0000000708b905a8,0x0000000714700000)
 Metaspace       used 88975K, capacity 89923K, committed 90496K, reserved 1128448K
  class space    used 12234K, capacity 12414K, committed 12416K, reserved 1048576K
Event: 64043.504 GC heap after
Heap after GC invocations=4872 (full 927):
 PSYoungGen      total 50688K, used 4015K [0x00000007bc400000, 0x00000007c0000000, 0x00000007c0000000)
  eden space 39936K, 0% used [0x00000007bc400000,0x00000007bc400000,0x00000007beb00000)
  from space 10752K, 37% used [0x00000007beb00000,0x00000007beeebfa0,0x00000007bf580000)
  to   space 9728K, 0% used [0x00000007bf680000,0x00000007bf680000,0x00000007c0000000)
 ParOldGen       total 334848K, used 142913K [0x0000000700000000, 0x0000000714700000, 0x00000007bc400000)
  object space 334848K, 42% used [0x0000000700000000,0x0000000708b905a8,0x0000000714700000)
 Metaspace       used 88975K, capacity 89923K, committed 90496K, reserved 1128448K
  class space    used 12234K, capacity 12414K, committed 12416K, reserved 1048576K
}
Event: 64043.719 GC heap before
{Heap before GC invocations=4873 (full 927):
 PSYoungGen      total 50688K, used 43951K [0x00000007bc400000, 0x00000007c0000000, 0x00000007c0000000)
  eden space 39936K, 100% used [0x00000007bc400000,0x00000007beb00000,0x00000007beb00000)
  from space 10752K, 37% used [0x00000007beb00000,0x00000007beeebfa0,0x00000007bf580000)
  to   space 9728K, 0% used [0x00000007bf680000,0x00000007bf680000,0x00000007c0000000)
 ParOldGen       total 334848K, used 142913K [0x0000000700000000, 0x0000000714700000, 0x00000007bc400000)
  object space 334848K, 42% used [0x0000000700000000,0x0000000708b905a8,0x0000000714700000)
 Metaspace       used 88975K, capacity 89923K, committed 90496K, reserved 1128448K
  class space    used 12234K, capacity 12414K, committed 12416K, reserved 1048576K
Event: 64043.724 GC heap after
Heap after GC invocations=4873 (full 927):
 PSYoungGen      total 51712K, used 2767K [0x00000007bc400000, 0x00000007c0000000, 0x00000007c0000000)
  eden space 41984K, 0% used [0x00000007bc400000,0x00000007bc400000,0x00000007bed00000)
  from space 9728K, 28% used [0x00000007bf680000,0x00000007bf933fa0,0x00000007c0000000)
  to   space 9728K, 0% used [0x00000007bed00000,0x00000007bed00000,0x00000007bf680000)
 ParOldGen       total 334848K, used 142913K [0x0000000700000000, 0x0000000714700000, 0x00000007bc400000)
  object space 334848K, 42% used [0x0000000700000000,0x0000000708b905a8,0x0000000714700000)
 Metaspace       used 88975K, capacity 89923K, committed 90496K, reserved 1128448K
  class space    used 12234K, capacity 12414K, committed 12416K, reserved 1048576K
}

